<?xml version="1.0" encoding="UTF-8"?>
<!-- Generated by org.testng.reporters.JUnitReportReporter -->
<testsuite hostname="DESKTOP-USOG18P" failures="0" tests="2" name="Academy.homepage" time="23.829" errors="0" timestamp="2019-10-22T15:15:40 EDT" skipped="0">
  <testcase classname="Academy.homepage" name="browserInvoke" time="5.909"/>
  <testcase classname="Academy.homepage" name="browserInvoke" time="17.920"/>
</testsuite> <!-- Academy.homepage -->
