<?xml version="1.0" encoding="UTF-8"?>
<!-- Generated by org.testng.reporters.JUnitReportReporter -->
<testsuite hostname="DESKTOP-USOG18P" failures="0" tests="1" name="Academy.validatingNavigationbar" time="0.170" errors="0" timestamp="2019-10-22T15:15:40 EDT" skipped="0">
  <testcase classname="Academy.validatingNavigationbar" name="browserInvoke" time="0.170"/>
</testsuite> <!-- Academy.validatingNavigationbar -->
