<?xml version="1.0" encoding="UTF-8"?>
<!-- Generated by org.testng.reporters.JUnitReportReporter -->
<testsuite hostname="DESKTOP-USOG18P" failures="0" tests="1" name="Academy.validatingNavigationbar" time="0.253" errors="0" timestamp="15 Oct 2019 21:06:49 GMT" skipped="0">
  <testcase classname="Academy.validatingNavigationbar" name="browserInvoke" time="0.253"/>
</testsuite> <!-- Academy.validatingNavigationbar -->
