<?xml version="1.0" encoding="UTF-8"?>
<!-- Generated by org.testng.reporters.JUnitReportReporter -->
<testsuite hostname="DESKTOP-USOG18P" failures="0" tests="2" name="Academy.homepage" time="18.693" errors="0" timestamp="15 Oct 2019 21:06:49 GMT" skipped="0">
  <testcase classname="Academy.homepage" name="browserInvoke" time="12.911"/>
  <testcase classname="Academy.homepage" name="browserInvoke" time="5.782"/>
</testsuite> <!-- Academy.homepage -->
